=== puma startup: 2017-01-07 12:52:48 -0300 ===
[74727] * Starting control server on unix:///var/folders/fy/wj8rt72s7_s5f9sw9nvcdyy00000gn/T/puma-status-1483804368081-74727
[74727] - Worker 0 (pid: 74729) booted, phase: 0
[74727] - Gracefully shutting down workers...
[74727] === puma shutdown: 2017-01-07 12:54:41 -0300 ===
[74727] - Goodbye!
=== puma startup: 2017-01-07 12:56:26 -0300 ===
[74749] * Starting control server on unix:///var/folders/fy/wj8rt72s7_s5f9sw9nvcdyy00000gn/T/puma-status-1483804586277-74749
[74749] - Worker 0 (pid: 74806) booted, phase: 0
[74749] - Gracefully shutting down workers...
[74749] === puma shutdown: 2017-01-07 13:15:14 -0300 ===
[74749] - Goodbye!
Exiting
=== puma startup: 2017-01-07 13:30:25 -0300 ===
[75415] * Starting control server on unix:///var/folders/fy/wj8rt72s7_s5f9sw9nvcdyy00000gn/T/puma-status-1483806625843-75415
[75415] - Worker 0 (pid: 75418) booted, phase: 0


Started GET "/" for ::1 at 2017-01-07 13:30:36 -0300
  [1m[36mActiveRecord::SchemaMigration Load (33.0ms)[0m  [1mSELECT "schema_migrations".* FROM "schema_migrations"[0m
Processing by ParticipantsController#index as HTML
  [1m[35mParticipant Load (0.8ms)[0m  SELECT "participants".* FROM "participants"
  Rendered participants/index.html.erb within layouts/application (51.4ms)
Completed 200 OK in 637ms (Views: 534.7ms | ActiveRecord: 47.6ms)


Started GET "/assets/participants.self-877aef30ae1b040ab8a3aba4e3e309a11d7f2612f44dde450b5c157aa5f95c05.js?body=1" for ::1 at 2017-01-07 13:30:37 -0300


Started GET "/assets/application.self-3b8dabdc891efe46b9a144b400ad69e37d7e5876bdc39dee783419a69d7ca819.js?body=1" for ::1 at 2017-01-07 13:30:37 -0300
[75415] - Gracefully shutting down workers...
[75415] === puma shutdown: 2017-01-07 13:30:43 -0300 ===
[75415] - Goodbye!
Exiting
